<?xml version="1.0" encoding="UTF-8"?>
<testng-results skipped="0" failed="0" ignored="2" total="3" passed="1">
  <reporter-output>
  </reporter-output>
  <suite name="TestSuiteC" duration-ms="71" started-at="2020-01-14T10:59:21 KST" finished-at="2020-01-14T10:59:21 KST">
    <groups>
      <group name="groupTest">
        <method signature="TestDemo2.assertTest2()[pri:0, instance:com.example.testng.TestDemo2@6973bf95]" name="assertTest2" class="com.example.testng.TestDemo2"/>
      </group> <!-- groupTest -->
    </groups>
    <test name="GroupTest" duration-ms="71" started-at="2020-01-14T10:59:21 KST" finished-at="2020-01-14T10:59:21 KST">
      <class name="com.example.testng.TestDemo2">
        <test-method status="PASS" signature="assertTest2()[pri:0, instance:com.example.testng.TestDemo2@6973bf95]" name="assertTest2" duration-ms="19" started-at="2020-01-14T10:59:21 KST" finished-at="2020-01-14T10:59:21 KST">
          <reporter-output>
          </reporter-output>
        </test-method> <!-- assertTest2 -->
      </class> <!-- com.example.testng.TestDemo2 -->
    </test> <!-- GroupTest -->
  </suite> <!-- TestSuiteC -->
</testng-results>
