<?xml version="1.0" encoding="UTF-8"?>
<!-- Generated by org.testng.reporters.JUnitXMLReporter -->
<testsuite hostname="instructor-pc" ignored="2" name="GroupTest" tests="1" failures="0" timestamp="2020-01-14T10:59:22 KST" time="0.071" errors="0">
  <testcase name="assertTest2" time="0.019" classname="com.example.testng.TestDemo2"/>
  <testcase name="helloTestNG" time="0.0" classname="com.example.testng.TestDemo">
    <ignored/>
  </testcase> <!-- helloTestNG -->
  <testcase name="assertTest" time="0.0" classname="com.example.testng.TestDemo">
    <ignored/>
  </testcase> <!-- assertTest -->
</testsuite> <!-- GroupTest -->
